-------------------------------------------------------------------------------
Test set: edu.yu.cs.com1320.project.impl.BTreeImplTest
-------------------------------------------------------------------------------
Tests run: 4, Failures: 0, Errors: 1, Skipped: 0, Time elapsed: 0.045 s <<< FAILURE! - in edu.yu.cs.com1320.project.impl.BTreeImplTest
edu.yu.cs.com1320.project.impl.BTreeImplTest.put  Time elapsed: 0.001 s  <<< ERROR!
java.lang.NullPointerException
	at edu.yu.cs.com1320.project.impl.BTreeImplTest.put(BTreeImplTest.java:24)

