<?xml version="1.0" encoding="UTF-8"?>
<testsuite xmlns:xsi="http://www.w3.org/2001/XMLSchema-instance" xsi:noNamespaceSchemaLocation="https://maven.apache.org/surefire/maven-surefire-plugin/xsd/surefire-test-report-3.0.xsd" version="3.0" name="edu.yu.cs.com1320.project.impl.MinHeapImplTest" time="0.012" tests="3" errors="0" skipped="0" failures="0">
  <properties>
[...]
</properties>
  <testcase name="testArrayPositions" classname="edu.yu.cs.com1320.project.impl.MinHeapImplTest" time="0.006"/>
  <testcase name="testSimpleInsertMultiple" classname="edu.yu.cs.com1320.project.impl.MinHeapImplTest" time="0.004"/>
  <testcase name="testSimpleInsertRemove" classname="edu.yu.cs.com1320.project.impl.MinHeapImplTest" time="0.001"/>
</testsuite>