<?xml version="1.0" encoding="UTF-8"?>
<testsuite xmlns:xsi="http://www.w3.org/2001/XMLSchema-instance" xsi:noNamespaceSchemaLocation="https://maven.apache.org/surefire/maven-surefire-plugin/xsd/surefire-test-report-3.0.xsd" version="3.0" name="edu.yu.cs.com1320.project.stage5.impl.DocumentStoreImplTest" time="0.244" tests="31" errors="12" skipped="0" failures="5">
  <properties>
[...]
</properties>
  <testcase name="stage3DeleteAllWithPrefix" classname="edu.yu.cs.com1320.project.stage5.impl.DocumentStoreImplTest" time="0.118">
    <failure type="java.lang.AssertionError"><![CDATA[java.lang.AssertionError: node.entryCount < BTreeImpl.MAX
	at edu.yu.cs.com1320.project.stage5.impl.DocumentStoreImplTest.stage3DeleteAllWithPrefix(DocumentStoreImplTest.java:382)
]]></failure>
  </testcase>
  <testcase name="stage3SearchTxtByPrefix" classname="edu.yu.cs.com1320.project.stage5.impl.DocumentStoreImplTest" time="0.003"/>
  <testcase name="testPutNewVersionOfDocumentBinary" classname="edu.yu.cs.com1320.project.stage5.impl.DocumentStoreImplTest" time="0.001">
    <error type="java.lang.NullPointerException"><![CDATA[java.lang.NullPointerException
	at edu.yu.cs.com1320.project.stage5.impl.DocumentStoreImplTest.testPutNewVersionOfDocumentBinary(DocumentStoreImplTest.java:481)
]]></error>
  </testcase>
  <testcase name="stage4TestUpdateDocLastUseTimeOnSearch" classname="edu.yu.cs.com1320.project.stage5.impl.DocumentStoreImplTest" time="0.001"/>
  <testcase name="stage4TestMaxDocBytesViaSearch" classname="edu.yu.cs.com1320.project.stage5.impl.DocumentStoreImplTest" time="0.032">
    <error type="java.lang.NullPointerException"><![CDATA[java.lang.NullPointerException
	at edu.yu.cs.com1320.project.stage5.impl.DocumentStoreImplTest.stage4TestMaxDocBytesViaSearch(DocumentStoreImplTest.java:258)
]]></error>
  </testcase>
  <testcase name="stage4TestMaxDocCountViaPut" classname="edu.yu.cs.com1320.project.stage5.impl.DocumentStoreImplTest" time="0.026">
    <error type="java.lang.RuntimeException"><![CDATA[java.lang.RuntimeException: java.lang.NullPointerException
	at edu.yu.cs.com1320.project.stage5.impl.DocumentStoreImplTest.stage4TestMaxDocCountViaPut(DocumentStoreImplTest.java:154)
Caused by: java.lang.NullPointerException
	at edu.yu.cs.com1320.project.stage5.impl.DocumentStoreImplTest.stage4TestMaxDocCountViaPut(DocumentStoreImplTest.java:154)
]]></error>
  </testcase>
  <testcase name="testPutBinaryDocumentNoPreviousDocAtURI" classname="edu.yu.cs.com1320.project.stage5.impl.DocumentStoreImplTest" time="0.001"/>
  <testcase name="stage4TestMaxDocsWhenDoubleMaxViaPut" classname="edu.yu.cs.com1320.project.stage5.impl.DocumentStoreImplTest" time="0.002">
    <error type="java.lang.RuntimeException"><![CDATA[java.lang.RuntimeException: java.lang.NullPointerException
	at edu.yu.cs.com1320.project.stage5.impl.DocumentStoreImplTest.stage4TestMaxDocsWhenDoubleMaxViaPut(DocumentStoreImplTest.java:300)
Caused by: java.lang.NullPointerException
	at edu.yu.cs.com1320.project.stage5.impl.DocumentStoreImplTest.stage4TestMaxDocsWhenDoubleMaxViaPut(DocumentStoreImplTest.java:300)
]]></error>
  </testcase>
  <testcase name="testGetBinaryDocAsBinary" classname="edu.yu.cs.com1320.project.stage5.impl.DocumentStoreImplTest" time="0"/>
  <testcase name="stage4TestUpdateDocLastUseTimeOnSearchByPrefix" classname="edu.yu.cs.com1320.project.stage5.impl.DocumentStoreImplTest" time="0.001"/>
  <testcase name="stage3DeleteAllTxt" classname="edu.yu.cs.com1320.project.stage5.impl.DocumentStoreImplTest" time="0.001">
    <failure type="java.lang.AssertionError"><![CDATA[java.lang.AssertionError: node.entryCount < BTreeImpl.MAX
	at edu.yu.cs.com1320.project.stage5.impl.DocumentStoreImplTest.stage3DeleteAllTxt(DocumentStoreImplTest.java:350)
]]></failure>
  </testcase>
  <testcase name="stage4TestMaxBytesWhenDoubleMaxViaPut" classname="edu.yu.cs.com1320.project.stage5.impl.DocumentStoreImplTest" time="0.002">
    <error type="java.lang.RuntimeException"><![CDATA[java.lang.RuntimeException: java.lang.NullPointerException
	at edu.yu.cs.com1320.project.stage5.impl.DocumentStoreImplTest.stage4TestMaxBytesWhenDoubleMaxViaPut(DocumentStoreImplTest.java:319)
Caused by: java.lang.NullPointerException
	at edu.yu.cs.com1320.project.stage5.impl.DocumentStoreImplTest.stage4TestMaxBytesWhenDoubleMaxViaPut(DocumentStoreImplTest.java:319)
]]></error>
  </testcase>
  <testcase name="testPutNewVersionOfDocumentTxt" classname="edu.yu.cs.com1320.project.stage5.impl.DocumentStoreImplTest" time="0.001">
    <error type="java.lang.NullPointerException"><![CDATA[java.lang.NullPointerException
	at edu.yu.cs.com1320.project.stage5.impl.DocumentStoreImplTest.testPutNewVersionOfDocumentTxt(DocumentStoreImplTest.java:496)
]]></error>
  </testcase>
  <testcase name="stage4TestUndoAfterMaxBytes" classname="edu.yu.cs.com1320.project.stage5.impl.DocumentStoreImplTest" time="0.004">
    <failure type="org.opentest4j.AssertionFailedError"><![CDATA[org.opentest4j.AssertionFailedError: uri1 should've been pushed out of memory ==> expected: <null> but was: <edu.yu.cs.com1320.project.stage5.impl.DocumentImpl@d3759d16>
	at edu.yu.cs.com1320.project.stage5.impl.DocumentStoreImplTest.stage4TestUndoAfterMaxBytes(DocumentStoreImplTest.java:281)
]]></failure>
  </testcase>
  <testcase name="stage3SearchBinaryByPrefix" classname="edu.yu.cs.com1320.project.stage5.impl.DocumentStoreImplTest" time="0.002"/>
  <testcase name="stage4TestUndoAfterMaxDocCount" classname="edu.yu.cs.com1320.project.stage5.impl.DocumentStoreImplTest" time="0.002">
    <failure type="org.opentest4j.AssertionFailedError"><![CDATA[org.opentest4j.AssertionFailedError: uri1 should've been pushed out of memory ==> expected: <null> but was: <edu.yu.cs.com1320.project.stage5.impl.DocumentImpl@ecc1417b>
	at edu.yu.cs.com1320.project.stage5.impl.DocumentStoreImplTest.stage4TestUndoAfterMaxDocCount(DocumentStoreImplTest.java:208)
]]></failure>
  </testcase>
  <testcase name="stage3SearchBinary" classname="edu.yu.cs.com1320.project.stage5.impl.DocumentStoreImplTest" time="0.006"/>
  <testcase name="testDeleteDoc" classname="edu.yu.cs.com1320.project.stage5.impl.DocumentStoreImplTest" time="0.001">
    <error type="java.lang.NullPointerException"><![CDATA[java.lang.NullPointerException
	at edu.yu.cs.com1320.project.stage5.impl.DocumentStoreImplTest.testDeleteDoc(DocumentStoreImplTest.java:537)
]]></error>
  </testcase>
  <testcase name="testDeleteDocReturnValue" classname="edu.yu.cs.com1320.project.stage5.impl.DocumentStoreImplTest" time="0.001">
    <error type="java.lang.NullPointerException"><![CDATA[java.lang.NullPointerException
	at edu.yu.cs.com1320.project.stage5.impl.DocumentStoreImplTest.testDeleteDocReturnValue(DocumentStoreImplTest.java:546)
]]></error>
  </testcase>
  <testcase name="stage3DeleteAllBinary" classname="edu.yu.cs.com1320.project.stage5.impl.DocumentStoreImplTest" time="0.001">
    <failure type="java.lang.AssertionError"><![CDATA[java.lang.AssertionError: node.entryCount < BTreeImpl.MAX
	at edu.yu.cs.com1320.project.stage5.impl.DocumentStoreImplTest.stage3DeleteAllBinary(DocumentStoreImplTest.java:361)
]]></failure>
  </testcase>
  <testcase name="stage4TestUpdateDocLastUseTimeOnOverwrite" classname="edu.yu.cs.com1320.project.stage5.impl.DocumentStoreImplTest" time="0.001">
    <error type="java.lang.NullPointerException"><![CDATA[java.lang.NullPointerException
	at edu.yu.cs.com1320.project.stage5.impl.DocumentStoreImplTest.stage4TestUpdateDocLastUseTimeOnOverwrite(DocumentStoreImplTest.java:117)
]]></error>
  </testcase>
  <testcase name="stage4TestSetDocLastUseTimeOnGet" classname="edu.yu.cs.com1320.project.stage5.impl.DocumentStoreImplTest" time="0"/>
  <testcase name="stage4TestSetDocLastUseTimeOnPut" classname="edu.yu.cs.com1320.project.stage5.impl.DocumentStoreImplTest" time="0"/>
  <testcase name="stage3Search" classname="edu.yu.cs.com1320.project.stage5.impl.DocumentStoreImplTest" time="0.002"/>
  <testcase name="stage4TestMaxDocBytesViaPut" classname="edu.yu.cs.com1320.project.stage5.impl.DocumentStoreImplTest" time="0.003">
    <error type="java.lang.RuntimeException"><![CDATA[java.lang.RuntimeException: java.lang.NullPointerException
	at edu.yu.cs.com1320.project.stage5.impl.DocumentStoreImplTest.stage4TestMaxDocBytesViaPut(DocumentStoreImplTest.java:227)
Caused by: java.lang.NullPointerException
	at edu.yu.cs.com1320.project.stage5.impl.DocumentStoreImplTest.stage4TestMaxDocBytesViaPut(DocumentStoreImplTest.java:227)
]]></error>
  </testcase>
  <testcase name="testPutTxtDocumentNoPreviousDocAtURI" classname="edu.yu.cs.com1320.project.stage5.impl.DocumentStoreImplTest" time="0.001"/>
  <testcase name="testGetTxtDoc" classname="edu.yu.cs.com1320.project.stage5.impl.DocumentStoreImplTest" time="0"/>
  <testcase name="testGetTxtDocAsBinary" classname="edu.yu.cs.com1320.project.stage5.impl.DocumentStoreImplTest" time="0.001">
    <error type="java.lang.NullPointerException"><![CDATA[java.lang.NullPointerException
	at edu.yu.cs.com1320.project.stage5.impl.DocumentStoreImplTest.testGetTxtDocAsBinary(DocumentStoreImplTest.java:514)
]]></error>
  </testcase>
  <testcase name="testPutDocumentWithNullArguments" classname="edu.yu.cs.com1320.project.stage5.impl.DocumentStoreImplTest" time="0.001"/>
  <testcase name="stage4TestMaxDocCountViaSearch" classname="edu.yu.cs.com1320.project.stage5.impl.DocumentStoreImplTest" time="0.004">
    <error type="java.lang.NullPointerException"><![CDATA[java.lang.NullPointerException
	at edu.yu.cs.com1320.project.stage5.impl.DocumentStoreImplTest.stage4TestMaxDocCountViaSearch(DocumentStoreImplTest.java:185)
]]></error>
  </testcase>
  <testcase name="testGetBinaryDocAsTxt" classname="edu.yu.cs.com1320.project.stage5.impl.DocumentStoreImplTest" time="0"/>
</testsuite>