<?xml version="1.0" encoding="UTF-8"?>
<testsuite xmlns:xsi="http://www.w3.org/2001/XMLSchema-instance" xsi:noNamespaceSchemaLocation="https://maven.apache.org/surefire/maven-surefire-plugin/xsd/surefire-test-report-3.0.xsd" version="3.0" name="edu.yu.cs.com1320.project.stage5.impl.DocumentStoreImplTest" time="0.244" tests="31" errors="12" skipped="0" failures="5">
  <properties>
    <property name="gopherProxySet" value="false"/>
    <property name="awt.toolkit" value="sun.lwawt.macosx.LWCToolkit"/>
    <property name="java.specification.version" value="11"/>
    <property name="sun.cpu.isalist" value=""/>
    <property name="sun.jnu.encoding" value="UTF-8"/>
    <property name="java.class.path" value="/Users/yosef/Documents/Teitelbaum_Yosef_2015800957/DataStructures/project/stage5/target/test-classes:/Users/yosef/Documents/Teitelbaum_Yosef_2015800957/DataStructures/project/stage5/target/classes:/Users/yosef/.m2/repository/org/junit/jupiter/junit-jupiter-api/5.7.1/junit-jupiter-api-5.7.1.jar:/Users/yosef/.m2/repository/org/apiguardian/apiguardian-api/1.1.0/apiguardian-api-1.1.0.jar:/Users/yosef/.m2/repository/org/opentest4j/opentest4j/1.2.0/opentest4j-1.2.0.jar:/Users/yosef/.m2/repository/org/junit/platform/junit-platform-commons/1.7.1/junit-platform-commons-1.7.1.jar:/Users/yosef/.m2/repository/org/junit/jupiter/junit-jupiter-engine/5.7.1/junit-jupiter-engine-5.7.1.jar:/Users/yosef/.m2/repository/org/junit/platform/junit-platform-engine/1.7.1/junit-platform-engine-1.7.1.jar:/Users/yosef/.m2/repository/junit/junit/4.13/junit-4.13.jar:/Users/yosef/.m2/repository/org/hamcrest/hamcrest-core/1.3/hamcrest-core-1.3.jar:/Users/yosef/.m2/repository/org/junit/vintage/junit-vintage-engine/5.7.1/junit-vintage-engine-5.7.1.jar:/Users/yosef/.m2/repository/com/google/code/gson/gson/2.9.0/gson-2.9.0.jar:/Users/yosef/.m2/repository/org/apache/maven/plugins/maven-surefire-plugin/3.0.0-M5/maven-surefire-plugin-3.0.0-M5.jar:/Users/yosef/.m2/repository/org/apache/maven/surefire/maven-surefire-common/3.0.0-M5/maven-surefire-common-3.0.0-M5.jar:/Users/yosef/.m2/repository/org/apache/maven/surefire/surefire-api/3.0.0-M5/surefire-api-3.0.0-M5.jar:/Users/yosef/.m2/repository/org/apache/maven/surefire/surefire-extensions-api/3.0.0-M5/surefire-extensions-api-3.0.0-M5.jar:/Users/yosef/.m2/repository/org/apache/maven/surefire/surefire-booter/3.0.0-M5/surefire-booter-3.0.0-M5.jar:/Users/yosef/.m2/repository/org/apache/maven/surefire/surefire-extensions-spi/3.0.0-M5/surefire-extensions-spi-3.0.0-M5.jar:/Users/yosef/.m2/repository/org/apache/maven/maven-toolchain/3.0-alpha-2/maven-toolchain-3.0-alpha-2.jar:/Users/yosef/.m2/repository/org/apache/maven/shared/maven-artifact-transfer/0.11.0/maven-artifact-transfer-0.11.0.jar:/Users/yosef/.m2/repository/org/apache/maven/shared/maven-common-artifact-filters/3.0.1/maven-common-artifact-filters-3.0.1.jar:/Users/yosef/.m2/repository/org/apache/maven/maven-model/3.0/maven-model-3.0.jar:/Users/yosef/.m2/repository/org/apache/maven/maven-plugin-api/3.0/maven-plugin-api-3.0.jar:/Users/yosef/.m2/repository/org/sonatype/sisu/sisu-inject-plexus/1.4.2/sisu-inject-plexus-1.4.2.jar:/Users/yosef/.m2/repository/org/codehaus/plexus/plexus-classworlds/2.2.3/plexus-classworlds-2.2.3.jar:/Users/yosef/.m2/repository/org/sonatype/sisu/sisu-inject-bean/1.4.2/sisu-inject-bean-1.4.2.jar:/Users/yosef/.m2/repository/org/sonatype/sisu/sisu-guice/2.1.7/sisu-guice-2.1.7-noaop.jar:/Users/yosef/.m2/repository/org/apache/maven/shared/maven-shared-utils/3.1.0/maven-shared-utils-3.1.0.jar:/Users/yosef/.m2/repository/commons-io/commons-io/2.5/commons-io-2.5.jar:/Users/yosef/.m2/repository/commons-codec/commons-codec/1.11/commons-codec-1.11.jar:/Users/yosef/.m2/repository/org/codehaus/plexus/plexus-java/1.0.5/plexus-java-1.0.5.jar:/Users/yosef/.m2/repository/org/ow2/asm/asm/7.2/asm-7.2.jar:/Users/yosef/.m2/repository/com/thoughtworks/qdox/qdox/2.0-M9/qdox-2.0-M9.jar:/Users/yosef/.m2/repository/org/apache/maven/surefire/surefire-report-parser/3.0.0-M5/surefire-report-parser-3.0.0-M5.jar:/Users/yosef/.m2/repository/org/apache/maven/surefire/surefire-logger-api/3.0.0-M5/surefire-logger-api-3.0.0-M5.jar:/Users/yosef/.m2/repository/org/apache/maven/surefire/surefire-shared-utils/3.0.0-M4/surefire-shared-utils-3.0.0-M4.jar:/Users/yosef/.m2/repository/org/apache/maven/reporting/maven-reporting-api/3.0/maven-reporting-api-3.0.jar:/Users/yosef/.m2/repository/org/apache/maven/doxia/doxia-sink-api/1.0/doxia-sink-api-1.0.jar:/Users/yosef/.m2/repository/jakarta/xml/bind/jakarta.xml.bind-api/3.0.0/jakarta.xml.bind-api-3.0.0.jar:/Users/yosef/.m2/repository/com/sun/activation/jakarta.activation/2.0.0/jakarta.activation-2.0.0.jar:/Users/yosef/.m2/repository/com/sun/xml/bind/jaxb-impl/3.0.0/jaxb-impl-3.0.0.jar:/Users/yosef/.m2/repository/com/sun/xml/bind/jaxb-core/3.0.0/jaxb-core-3.0.0.jar:"/>
    <property name="java.vm.vendor" value="Oracle Corporation"/>
    <property name="sun.arch.data.model" value="64"/>
    <property name="java.vendor.url" value="https://openjdk.java.net/"/>
    <property name="user.timezone" value=""/>
    <property name="java.vm.specification.version" value="11"/>
    <property name="os.name" value="Mac OS X"/>
    <property name="sun.java.launcher" value="SUN_STANDARD"/>
    <property name="user.country" value="US"/>
    <property name="sun.boot.library.path" value="/Library/Java/JavaVirtualMachines/jdk-11.0.12.jdk/Contents/Home/lib"/>
    <property name="sun.java.command" value="/Users/yosef/Documents/Teitelbaum_Yosef_2015800957/DataStructures/project/stage5/target/surefire/surefirebooter2617471658645240369.jar /Users/yosef/Documents/Teitelbaum_Yosef_2015800957/DataStructures/project/stage5/target/surefire 2022-09-05T18-13-23_442-jvmRun1 surefire12938294514294365158tmp surefire_09797030886187031321tmp"/>
    <property name="http.nonProxyHosts" value="local|*.local|169.254/16|*.169.254/16"/>
    <property name="jdk.debug" value="release"/>
    <property name="surefire.test.class.path" value="/Users/yosef/Documents/Teitelbaum_Yosef_2015800957/DataStructures/project/stage5/target/test-classes:/Users/yosef/Documents/Teitelbaum_Yosef_2015800957/DataStructures/project/stage5/target/classes:/Users/yosef/.m2/repository/org/junit/jupiter/junit-jupiter-api/5.7.1/junit-jupiter-api-5.7.1.jar:/Users/yosef/.m2/repository/org/apiguardian/apiguardian-api/1.1.0/apiguardian-api-1.1.0.jar:/Users/yosef/.m2/repository/org/opentest4j/opentest4j/1.2.0/opentest4j-1.2.0.jar:/Users/yosef/.m2/repository/org/junit/platform/junit-platform-commons/1.7.1/junit-platform-commons-1.7.1.jar:/Users/yosef/.m2/repository/org/junit/jupiter/junit-jupiter-engine/5.7.1/junit-jupiter-engine-5.7.1.jar:/Users/yosef/.m2/repository/org/junit/platform/junit-platform-engine/1.7.1/junit-platform-engine-1.7.1.jar:/Users/yosef/.m2/repository/junit/junit/4.13/junit-4.13.jar:/Users/yosef/.m2/repository/org/hamcrest/hamcrest-core/1.3/hamcrest-core-1.3.jar:/Users/yosef/.m2/repository/org/junit/vintage/junit-vintage-engine/5.7.1/junit-vintage-engine-5.7.1.jar:/Users/yosef/.m2/repository/com/google/code/gson/gson/2.9.0/gson-2.9.0.jar:/Users/yosef/.m2/repository/org/apache/maven/plugins/maven-surefire-plugin/3.0.0-M5/maven-surefire-plugin-3.0.0-M5.jar:/Users/yosef/.m2/repository/org/apache/maven/surefire/maven-surefire-common/3.0.0-M5/maven-surefire-common-3.0.0-M5.jar:/Users/yosef/.m2/repository/org/apache/maven/surefire/surefire-api/3.0.0-M5/surefire-api-3.0.0-M5.jar:/Users/yosef/.m2/repository/org/apache/maven/surefire/surefire-extensions-api/3.0.0-M5/surefire-extensions-api-3.0.0-M5.jar:/Users/yosef/.m2/repository/org/apache/maven/surefire/surefire-booter/3.0.0-M5/surefire-booter-3.0.0-M5.jar:/Users/yosef/.m2/repository/org/apache/maven/surefire/surefire-extensions-spi/3.0.0-M5/surefire-extensions-spi-3.0.0-M5.jar:/Users/yosef/.m2/repository/org/apache/maven/maven-toolchain/3.0-alpha-2/maven-toolchain-3.0-alpha-2.jar:/Users/yosef/.m2/repository/org/apache/maven/shared/maven-artifact-transfer/0.11.0/maven-artifact-transfer-0.11.0.jar:/Users/yosef/.m2/repository/org/apache/maven/shared/maven-common-artifact-filters/3.0.1/maven-common-artifact-filters-3.0.1.jar:/Users/yosef/.m2/repository/org/apache/maven/maven-model/3.0/maven-model-3.0.jar:/Users/yosef/.m2/repository/org/apache/maven/maven-plugin-api/3.0/maven-plugin-api-3.0.jar:/Users/yosef/.m2/repository/org/sonatype/sisu/sisu-inject-plexus/1.4.2/sisu-inject-plexus-1.4.2.jar:/Users/yosef/.m2/repository/org/codehaus/plexus/plexus-classworlds/2.2.3/plexus-classworlds-2.2.3.jar:/Users/yosef/.m2/repository/org/sonatype/sisu/sisu-inject-bean/1.4.2/sisu-inject-bean-1.4.2.jar:/Users/yosef/.m2/repository/org/sonatype/sisu/sisu-guice/2.1.7/sisu-guice-2.1.7-noaop.jar:/Users/yosef/.m2/repository/org/apache/maven/shared/maven-shared-utils/3.1.0/maven-shared-utils-3.1.0.jar:/Users/yosef/.m2/repository/commons-io/commons-io/2.5/commons-io-2.5.jar:/Users/yosef/.m2/repository/commons-codec/commons-codec/1.11/commons-codec-1.11.jar:/Users/yosef/.m2/repository/org/codehaus/plexus/plexus-java/1.0.5/plexus-java-1.0.5.jar:/Users/yosef/.m2/repository/org/ow2/asm/asm/7.2/asm-7.2.jar:/Users/yosef/.m2/repository/com/thoughtworks/qdox/qdox/2.0-M9/qdox-2.0-M9.jar:/Users/yosef/.m2/repository/org/apache/maven/surefire/surefire-report-parser/3.0.0-M5/surefire-report-parser-3.0.0-M5.jar:/Users/yosef/.m2/repository/org/apache/maven/surefire/surefire-logger-api/3.0.0-M5/surefire-logger-api-3.0.0-M5.jar:/Users/yosef/.m2/repository/org/apache/maven/surefire/surefire-shared-utils/3.0.0-M4/surefire-shared-utils-3.0.0-M4.jar:/Users/yosef/.m2/repository/org/apache/maven/reporting/maven-reporting-api/3.0/maven-reporting-api-3.0.jar:/Users/yosef/.m2/repository/org/apache/maven/doxia/doxia-sink-api/1.0/doxia-sink-api-1.0.jar:/Users/yosef/.m2/repository/jakarta/xml/bind/jakarta.xml.bind-api/3.0.0/jakarta.xml.bind-api-3.0.0.jar:/Users/yosef/.m2/repository/com/sun/activation/jakarta.activation/2.0.0/jakarta.activation-2.0.0.jar:/Users/yosef/.m2/repository/com/sun/xml/bind/jaxb-impl/3.0.0/jaxb-impl-3.0.0.jar:/Users/yosef/.m2/repository/com/sun/xml/bind/jaxb-core/3.0.0/jaxb-core-3.0.0.jar:"/>
    <property name="sun.cpu.endian" value="little"/>
    <property name="user.home" value="/Users/yosef"/>
    <property name="user.language" value="en"/>
    <property name="java.specification.vendor" value="Oracle Corporation"/>
    <property name="java.version.date" value="2021-07-20"/>
    <property name="java.home" value="/Library/Java/JavaVirtualMachines/jdk-11.0.12.jdk/Contents/Home"/>
    <property name="file.separator" value="/"/>
    <property name="basedir" value="/Users/yosef/Documents/Teitelbaum_Yosef_2015800957/DataStructures/project/stage5"/>
    <property name="java.vm.compressedOopsMode" value="Zero based"/>
    <property name="line.separator" value="&#10;"/>
    <property name="java.specification.name" value="Java Platform API Specification"/>
    <property name="java.vm.specification.vendor" value="Oracle Corporation"/>
    <property name="java.awt.graphicsenv" value="sun.awt.CGraphicsEnvironment"/>
    <property name="surefire.real.class.path" value="/Users/yosef/Documents/Teitelbaum_Yosef_2015800957/DataStructures/project/stage5/target/surefire/surefirebooter2617471658645240369.jar"/>
    <property name="sun.management.compiler" value="HotSpot 64-Bit Tiered Compilers"/>
    <property name="ftp.nonProxyHosts" value="local|*.local|169.254/16|*.169.254/16"/>
    <property name="java.runtime.version" value="11.0.12+8-LTS-237"/>
    <property name="user.name" value="yosef"/>
    <property name="path.separator" value=":"/>
    <property name="os.version" value="11.5"/>
    <property name="java.runtime.name" value="Java(TM) SE Runtime Environment"/>
    <property name="file.encoding" value="UTF-8"/>
    <property name="java.vm.name" value="Java HotSpot(TM) 64-Bit Server VM"/>
    <property name="java.vendor.version" value="18.9"/>
    <property name="localRepository" value="/Users/yosef/.m2/repository"/>
    <property name="java.vendor.url.bug" value="https://bugreport.java.com/bugreport/"/>
    <property name="java.io.tmpdir" value="/var/folders/73/1r40w6x12bx06kqv63y5sl600000gn/T/"/>
    <property name="java.version" value="11.0.12"/>
    <property name="user.dir" value="/Users/yosef/Documents/Teitelbaum_Yosef_2015800957/DataStructures/project/stage5"/>
    <property name="os.arch" value="x86_64"/>
    <property name="java.vm.specification.name" value="Java Virtual Machine Specification"/>
    <property name="java.awt.printerjob" value="sun.lwawt.macosx.CPrinterJob"/>
    <property name="sun.os.patch.level" value="unknown"/>
    <property name="java.library.path" value="/Users/yosef/Library/Java/Extensions:/Library/Java/Extensions:/Network/Library/Java/Extensions:/System/Library/Java/Extensions:/usr/lib/java:."/>
    <property name="java.vendor" value="Oracle Corporation"/>
    <property name="java.vm.info" value="mixed mode"/>
    <property name="java.vm.version" value="11.0.12+8-LTS-237"/>
    <property name="sun.io.unicode.encoding" value="UnicodeBig"/>
    <property name="java.class.version" value="55.0"/>
    <property name="socksNonProxyHosts" value="local|*.local|169.254/16|*.169.254/16"/>
  </properties>
  <testcase name="stage3DeleteAllWithPrefix" classname="edu.yu.cs.com1320.project.stage5.impl.DocumentStoreImplTest" time="0.118">
    <failure type="java.lang.AssertionError"><![CDATA[java.lang.AssertionError: node.entryCount < BTreeImpl.MAX
	at edu.yu.cs.com1320.project.stage5.impl.DocumentStoreImplTest.stage3DeleteAllWithPrefix(DocumentStoreImplTest.java:382)
]]></failure>
  </testcase>
  <testcase name="stage3SearchTxtByPrefix" classname="edu.yu.cs.com1320.project.stage5.impl.DocumentStoreImplTest" time="0.003"/>
  <testcase name="testPutNewVersionOfDocumentBinary" classname="edu.yu.cs.com1320.project.stage5.impl.DocumentStoreImplTest" time="0.001">
    <error type="java.lang.NullPointerException"><![CDATA[java.lang.NullPointerException
	at edu.yu.cs.com1320.project.stage5.impl.DocumentStoreImplTest.testPutNewVersionOfDocumentBinary(DocumentStoreImplTest.java:481)
]]></error>
  </testcase>
  <testcase name="stage4TestUpdateDocLastUseTimeOnSearch" classname="edu.yu.cs.com1320.project.stage5.impl.DocumentStoreImplTest" time="0.001"/>
  <testcase name="stage4TestMaxDocBytesViaSearch" classname="edu.yu.cs.com1320.project.stage5.impl.DocumentStoreImplTest" time="0.032">
    <error type="java.lang.NullPointerException"><![CDATA[java.lang.NullPointerException
	at edu.yu.cs.com1320.project.stage5.impl.DocumentStoreImplTest.stage4TestMaxDocBytesViaSearch(DocumentStoreImplTest.java:258)
]]></error>
  </testcase>
  <testcase name="stage4TestMaxDocCountViaPut" classname="edu.yu.cs.com1320.project.stage5.impl.DocumentStoreImplTest" time="0.026">
    <error type="java.lang.RuntimeException"><![CDATA[java.lang.RuntimeException: java.lang.NullPointerException
	at edu.yu.cs.com1320.project.stage5.impl.DocumentStoreImplTest.stage4TestMaxDocCountViaPut(DocumentStoreImplTest.java:154)
Caused by: java.lang.NullPointerException
	at edu.yu.cs.com1320.project.stage5.impl.DocumentStoreImplTest.stage4TestMaxDocCountViaPut(DocumentStoreImplTest.java:154)
]]></error>
  </testcase>
  <testcase name="testPutBinaryDocumentNoPreviousDocAtURI" classname="edu.yu.cs.com1320.project.stage5.impl.DocumentStoreImplTest" time="0.001"/>
  <testcase name="stage4TestMaxDocsWhenDoubleMaxViaPut" classname="edu.yu.cs.com1320.project.stage5.impl.DocumentStoreImplTest" time="0.002">
    <error type="java.lang.RuntimeException"><![CDATA[java.lang.RuntimeException: java.lang.NullPointerException
	at edu.yu.cs.com1320.project.stage5.impl.DocumentStoreImplTest.stage4TestMaxDocsWhenDoubleMaxViaPut(DocumentStoreImplTest.java:300)
Caused by: java.lang.NullPointerException
	at edu.yu.cs.com1320.project.stage5.impl.DocumentStoreImplTest.stage4TestMaxDocsWhenDoubleMaxViaPut(DocumentStoreImplTest.java:300)
]]></error>
  </testcase>
  <testcase name="testGetBinaryDocAsBinary" classname="edu.yu.cs.com1320.project.stage5.impl.DocumentStoreImplTest" time="0"/>
  <testcase name="stage4TestUpdateDocLastUseTimeOnSearchByPrefix" classname="edu.yu.cs.com1320.project.stage5.impl.DocumentStoreImplTest" time="0.001"/>
  <testcase name="stage3DeleteAllTxt" classname="edu.yu.cs.com1320.project.stage5.impl.DocumentStoreImplTest" time="0.001">
    <failure type="java.lang.AssertionError"><![CDATA[java.lang.AssertionError: node.entryCount < BTreeImpl.MAX
	at edu.yu.cs.com1320.project.stage5.impl.DocumentStoreImplTest.stage3DeleteAllTxt(DocumentStoreImplTest.java:350)
]]></failure>
  </testcase>
  <testcase name="stage4TestMaxBytesWhenDoubleMaxViaPut" classname="edu.yu.cs.com1320.project.stage5.impl.DocumentStoreImplTest" time="0.002">
    <error type="java.lang.RuntimeException"><![CDATA[java.lang.RuntimeException: java.lang.NullPointerException
	at edu.yu.cs.com1320.project.stage5.impl.DocumentStoreImplTest.stage4TestMaxBytesWhenDoubleMaxViaPut(DocumentStoreImplTest.java:319)
Caused by: java.lang.NullPointerException
	at edu.yu.cs.com1320.project.stage5.impl.DocumentStoreImplTest.stage4TestMaxBytesWhenDoubleMaxViaPut(DocumentStoreImplTest.java:319)
]]></error>
  </testcase>
  <testcase name="testPutNewVersionOfDocumentTxt" classname="edu.yu.cs.com1320.project.stage5.impl.DocumentStoreImplTest" time="0.001">
    <error type="java.lang.NullPointerException"><![CDATA[java.lang.NullPointerException
	at edu.yu.cs.com1320.project.stage5.impl.DocumentStoreImplTest.testPutNewVersionOfDocumentTxt(DocumentStoreImplTest.java:496)
]]></error>
  </testcase>
  <testcase name="stage4TestUndoAfterMaxBytes" classname="edu.yu.cs.com1320.project.stage5.impl.DocumentStoreImplTest" time="0.004">
    <failure type="org.opentest4j.AssertionFailedError"><![CDATA[org.opentest4j.AssertionFailedError: uri1 should've been pushed out of memory ==> expected: <null> but was: <edu.yu.cs.com1320.project.stage5.impl.DocumentImpl@d3759d16>
	at edu.yu.cs.com1320.project.stage5.impl.DocumentStoreImplTest.stage4TestUndoAfterMaxBytes(DocumentStoreImplTest.java:281)
]]></failure>
  </testcase>
  <testcase name="stage3SearchBinaryByPrefix" classname="edu.yu.cs.com1320.project.stage5.impl.DocumentStoreImplTest" time="0.002"/>
  <testcase name="stage4TestUndoAfterMaxDocCount" classname="edu.yu.cs.com1320.project.stage5.impl.DocumentStoreImplTest" time="0.002">
    <failure type="org.opentest4j.AssertionFailedError"><![CDATA[org.opentest4j.AssertionFailedError: uri1 should've been pushed out of memory ==> expected: <null> but was: <edu.yu.cs.com1320.project.stage5.impl.DocumentImpl@ecc1417b>
	at edu.yu.cs.com1320.project.stage5.impl.DocumentStoreImplTest.stage4TestUndoAfterMaxDocCount(DocumentStoreImplTest.java:208)
]]></failure>
  </testcase>
  <testcase name="stage3SearchBinary" classname="edu.yu.cs.com1320.project.stage5.impl.DocumentStoreImplTest" time="0.006"/>
  <testcase name="testDeleteDoc" classname="edu.yu.cs.com1320.project.stage5.impl.DocumentStoreImplTest" time="0.001">
    <error type="java.lang.NullPointerException"><![CDATA[java.lang.NullPointerException
	at edu.yu.cs.com1320.project.stage5.impl.DocumentStoreImplTest.testDeleteDoc(DocumentStoreImplTest.java:537)
]]></error>
  </testcase>
  <testcase name="testDeleteDocReturnValue" classname="edu.yu.cs.com1320.project.stage5.impl.DocumentStoreImplTest" time="0.001">
    <error type="java.lang.NullPointerException"><![CDATA[java.lang.NullPointerException
	at edu.yu.cs.com1320.project.stage5.impl.DocumentStoreImplTest.testDeleteDocReturnValue(DocumentStoreImplTest.java:546)
]]></error>
  </testcase>
  <testcase name="stage3DeleteAllBinary" classname="edu.yu.cs.com1320.project.stage5.impl.DocumentStoreImplTest" time="0.001">
    <failure type="java.lang.AssertionError"><![CDATA[java.lang.AssertionError: node.entryCount < BTreeImpl.MAX
	at edu.yu.cs.com1320.project.stage5.impl.DocumentStoreImplTest.stage3DeleteAllBinary(DocumentStoreImplTest.java:361)
]]></failure>
  </testcase>
  <testcase name="stage4TestUpdateDocLastUseTimeOnOverwrite" classname="edu.yu.cs.com1320.project.stage5.impl.DocumentStoreImplTest" time="0.001">
    <error type="java.lang.NullPointerException"><![CDATA[java.lang.NullPointerException
	at edu.yu.cs.com1320.project.stage5.impl.DocumentStoreImplTest.stage4TestUpdateDocLastUseTimeOnOverwrite(DocumentStoreImplTest.java:117)
]]></error>
  </testcase>
  <testcase name="stage4TestSetDocLastUseTimeOnGet" classname="edu.yu.cs.com1320.project.stage5.impl.DocumentStoreImplTest" time="0"/>
  <testcase name="stage4TestSetDocLastUseTimeOnPut" classname="edu.yu.cs.com1320.project.stage5.impl.DocumentStoreImplTest" time="0"/>
  <testcase name="stage3Search" classname="edu.yu.cs.com1320.project.stage5.impl.DocumentStoreImplTest" time="0.002"/>
  <testcase name="stage4TestMaxDocBytesViaPut" classname="edu.yu.cs.com1320.project.stage5.impl.DocumentStoreImplTest" time="0.003">
    <error type="java.lang.RuntimeException"><![CDATA[java.lang.RuntimeException: java.lang.NullPointerException
	at edu.yu.cs.com1320.project.stage5.impl.DocumentStoreImplTest.stage4TestMaxDocBytesViaPut(DocumentStoreImplTest.java:227)
Caused by: java.lang.NullPointerException
	at edu.yu.cs.com1320.project.stage5.impl.DocumentStoreImplTest.stage4TestMaxDocBytesViaPut(DocumentStoreImplTest.java:227)
]]></error>
  </testcase>
  <testcase name="testPutTxtDocumentNoPreviousDocAtURI" classname="edu.yu.cs.com1320.project.stage5.impl.DocumentStoreImplTest" time="0.001"/>
  <testcase name="testGetTxtDoc" classname="edu.yu.cs.com1320.project.stage5.impl.DocumentStoreImplTest" time="0"/>
  <testcase name="testGetTxtDocAsBinary" classname="edu.yu.cs.com1320.project.stage5.impl.DocumentStoreImplTest" time="0.001">
    <error type="java.lang.NullPointerException"><![CDATA[java.lang.NullPointerException
	at edu.yu.cs.com1320.project.stage5.impl.DocumentStoreImplTest.testGetTxtDocAsBinary(DocumentStoreImplTest.java:514)
]]></error>
  </testcase>
  <testcase name="testPutDocumentWithNullArguments" classname="edu.yu.cs.com1320.project.stage5.impl.DocumentStoreImplTest" time="0.001"/>
  <testcase name="stage4TestMaxDocCountViaSearch" classname="edu.yu.cs.com1320.project.stage5.impl.DocumentStoreImplTest" time="0.004">
    <error type="java.lang.NullPointerException"><![CDATA[java.lang.NullPointerException
	at edu.yu.cs.com1320.project.stage5.impl.DocumentStoreImplTest.stage4TestMaxDocCountViaSearch(DocumentStoreImplTest.java:185)
]]></error>
  </testcase>
  <testcase name="testGetBinaryDocAsTxt" classname="edu.yu.cs.com1320.project.stage5.impl.DocumentStoreImplTest" time="0"/>
</testsuite>